
GET /api/contacts/ 25-09-2022_09:49:34
GET /api/contacts/ 25-09-2022_10:03:59
GET / 26-09-2022_10:47:52
GET /favicon.ico 26-09-2022_10:47:53
GET / 26-09-2022_10:48:00
GET /api/contacts/ 02-10-2022_09:28:20
POST /api/contacts/ 02-10-2022_09:47:43
POST /api/contacts/ 02-10-2022_09:48:55
POST /api/contacts/ 02-10-2022_09:50:44
POST /api/contacts/ 02-10-2022_09:53:19
POST /api/contacts/ 02-10-2022_09:53:43
POST /api/contacts/ 02-10-2022_09:57:01
POST /api/contacts/ 02-10-2022_09:58:09
POST /api/contacts/ 02-10-2022_09:59:45
GET /api/contacts/ 02-10-2022_10:00:01
POST /api/contacts/ 02-10-2022_10:01:56
GET /api/contacts/ 02-10-2022_10:05:24
DELETE /api/contacts/ddce9286-fccd-4507-921b-c437141d9f05 02-10-2022_10:05:46
GET /api/contacts/ 02-10-2022_10:05:51
GET /api/contacts/ 02-10-2022_10:11:02
DELETE /api/contacts/ddce9286-fccd-4507-921b-c437141d9f05 02-10-2022_10:11:21
DELETE /api/contacts/ddce9286-fccd-4507-921b-c437141d9f05 02-10-2022_10:12:31
DELETE /api/contacts/ddce9286-fccd-4507-921b-c437141d9f05 02-10-2022_10:12:58
DELETE /api/contacts/ddce9286-fccd-4507-921b-c437141d9f05 02-10-2022_10:14:25
DELETE /api/contacts/ddce9286-fccd-4507-921b-c437141d9f05 02-10-2022_10:15:29
DELETE /api/contacts/ddce9286-fccd-4507-921b-c437141d9f05 02-10-2022_10:16:31
DELETE /api/contacts/ddce9286-fccd-4507-921b-c437141d9f05 02-10-2022_10:18:00
GET /api/contacts/ 02-10-2022_10:18:05
DELETE /api/contacts/ddce9286-fccd-4507-921b-c437141d9f05 02-10-2022_10:18:12
POST /api/contacts/ 02-10-2022_10:19:03
GET /api/contacts/ 02-10-2022_10:19:10
DELETE /api/contacts/6affa175-791c-4490-8e71-8540a5c2912c 02-10-2022_10:19:18
GET /api/contacts/ 02-10-2022_10:19:23
DELETE /api/contacts/6affa175-791c-4490-8e71-8540a5c2912c 02-10-2022_10:19:54
DELETE /api/contacts/6affa175-791c-4490-8e71-8540a5c2912c 02-10-2022_10:20:34
DELETE /api/contacts/6affa175-791c-4490-8e71-8540a5c2912c 02-10-2022_10:20:50
POST /api/contacts/ 02-10-2022_10:20:59
DELETE /api/contacts/9e6c7b43-63e0-4957-9640-9e4af3bca338 02-10-2022_10:21:10
POST /api/contacts/ 02-10-2022_10:22:37
DELETE /api/contacts/7c45ee96-97af-450b-90aa-215d8b8ce7ce 02-10-2022_10:22:46
POST /api/contacts/ 02-10-2022_10:24:35
DELETE /api/contacts/c0463eb1-72e6-4e64-bd47-a619825ce5e3 02-10-2022_10:24:44
POST /api/contacts/ 02-10-2022_10:27:43
DELETE /api/contacts/82f47aca-4c24-4224-b28e-797e635c0660 02-10-2022_10:27:51
GET /api/contacts/ 02-10-2022_10:31:39
POST /api/contacts/ 02-10-2022_10:31:43
PUT /api/contacts/066bb779-b6be-49bf-8e25-4626e722b230 02-10-2022_10:33:07
GET /api/contacts/ 02-10-2022_10:33:10
POST /api/contacts/ 02-10-2022_10:36:22
PUT /api/contacts/98fd759a-4bca-4c1b-9dd0-617fdc09eb0a 02-10-2022_10:36:34
POST /api/contacts/ 02-10-2022_10:39:16
POST /api/contacts/ 02-10-2022_10:39:27
POST /api/contacts/ 02-10-2022_10:41:21
POST /api/contacts/ 02-10-2022_10:41:26
POST /api/contacts/ 02-10-2022_10:41:32
POST /api/contacts/ 02-10-2022_10:41:49
POST /api/contacts/ 02-10-2022_10:41:53
POST /api/contacts/ 02-10-2022_10:47:18
POST /api/contacts/ 02-10-2022_10:47:30
POST /api/contacts/ 02-10-2022_10:58:49
POST /api/contacts/ 02-10-2022_11:11:45
POST /api/contacts/ 02-10-2022_11:11:53
POST /api/contacts/ 02-10-2022_11:12:00
POST /api/contacts/ 16-10-2022_05:02:35
GET /api/contacts/ 16-10-2022_05:06:17
GET /api/contacts/ 16-10-2022_05:07:34
POST /api/contacts/ 16-10-2022_05:09:34
POST /api/contacts/ 16-10-2022_05:09:54
POST /api/contacts/ 16-10-2022_05:15:36
GET /api/contacts/ 16-10-2022_05:16:12
POST /api/contacts/ 16-10-2022_05:22:26
GET /api/contacts/634c1208795365b7575688b0 16-10-2022_05:30:33
GET /api/contacts/634c1208795365b7575688b0 16-10-2022_05:32:28
GET /api/contacts/634c10b2e652cb405e49312e 16-10-2022_05:32:55
GET /api/contacts/634c10b2e652cb405e49312e 16-10-2022_05:34:10
GET /api/contacts/634c0efb6b5b1cc4d3c1552e 16-10-2022_05:34:42
GET /api/contacts/634c1208795365b7575688b0 16-10-2022_05:35:11
GET /api/contacts/634c1208795365b7575688b0 16-10-2022_05:35:25
GET /api/contacts/634c1208795365b7575688b0 16-10-2022_05:36:34
GET /api/contacts/634c1208795365b7575688b0 16-10-2022_05:38:03
GET /api/contacts/634c1208795365b7575688b0 16-10-2022_05:40:30
GET /api/contacts/634c10b2e652cb405e49312e 16-10-2022_05:41:07
GET /api/contacts/634c10b2e652cb405e49312e 16-10-2022_05:44:37
GET /api/contacts/634c10b2e652cb405e49312e 16-10-2022_05:45:25
GET /api/contacts/634c1208795365b7575688b0 16-10-2022_05:45:47
DELETE /api/contacts/634c1208795365b7575688b0 16-10-2022_05:53:55
DELETE /api/contacts/634c1208795365b7575688b0 16-10-2022_05:54:58
GET /api/contacts/ 16-10-2022_05:58:08
PUT /api/contacts/634c10b2e652cb405e49312e 16-10-2022_05:58:33
PUT /api/contacts/634c10b2e652cb405e49312e 16-10-2022_05:58:43
GET /api/contacts/ 16-10-2022_05:59:07
PUT /api/contacts/634c10b2e652cb405e49312e 16-10-2022_06:01:16
GET /api/contacts/ 16-10-2022_06:01:37
GET /api/contacts/634c1208795365b7575688b0 16-10-2022_06:10:17
GET /api/contacts/634c10b2e652cb405e49312e 16-10-2022_06:10:33
PATCH /api/contacts/634c10b2e652cb405e49312e/favorite 16-10-2022_06:11:12
PATCH /api/contacts/634c10b2e652cb405e49312e/favorite?favorite=true 16-10-2022_06:11:35
PATCH /api/contacts/634c10b2e652cb405e49312e/favorite 16-10-2022_06:14:48
PATCH /api/contacts/634c10b2e652cb405e49312e/favorite 16-10-2022_06:15:30
PATCH /api/contacts/634c10b2e652cb405e49312e/favorite 16-10-2022_06:16:41
PATCH /api/contacts/634c10b2e652cb405e49312e/favorite 16-10-2022_06:16:51
PATCH /api/contacts/634c10b2e652cb405e49312e/favorite 16-10-2022_06:20:20
PATCH /api/contacts/634c10b2e652cb405e49312e/favorite 16-10-2022_06:21:22
GET /api/contacts/ 16-10-2022_06:21:36
PATCH /api/contacts/634c10b2e652cb405e49312e/favorite 16-10-2022_06:22:03
PATCH /api/contacts/634c10b2e652cb405e49312e/favorite 16-10-2022_06:22:34
PATCH /api/contacts/634c10b2e652cb405e49312e/favorite 16-10-2022_06:23:11
PATCH /api/contacts/634c10b2e652cb405e49312e/favorite 16-10-2022_06:23:18
PATCH /api/contacts/634c10b2e652cb405e49312e/favorite 16-10-2022_06:23:20
PATCH /api/contacts/634c10b2e652cb405e49312e/favorite 16-10-2022_06:23:22
PATCH /api/contacts/634c10b2e652cb405e49312e/favorite 16-10-2022_06:23:41
PATCH /api/contacts/634c10b2e652cb405e49312e/favorite 16-10-2022_06:39:22
PATCH /api/contacts/634c10b2e652cb405e49312e/favorite 16-10-2022_06:41:18
PATCH /api/contacts/634c10b2e652cb405e49312e/favorite 16-10-2022_06:41:33
GET /api/contacts/634c10b2e652cb405e49312e 16-10-2022_06:41:41
PATCH /api/contacts/634c10b2e652cb405e49312e/favorite 16-10-2022_06:42:03
PATCH /api/contacts/634c10b2e652cb405e49312e/favorite 16-10-2022_06:47:10
PATCH /api/contacts/634c10b2e652cb405e49312e/favorite 16-10-2022_06:47:46
PATCH /api/contacts/634c10b2e652cb405e49312e/favorite 16-10-2022_06:48:37
PATCH /api/contacts/634c10b2e652cb405e49312e/favorite 16-10-2022_06:50:21
PATCH /api/contacts/634c10b2e652cb405e49312e/favorite 16-10-2022_07:01:14
PATCH /api/contacts/634c10b2e652cb405e49312e/favorite 16-10-2022_07:01:40
GET /api/contacts/ 16-10-2022_07:01:56
PATCH /api/contacts/634312258ad69a3f9051df79/favorite 16-10-2022_07:02:30
GET /api/contacts/634c10b2e652cb405e49312e 16-10-2022_07:03:27
GET /api/contacts/634c10b2e652cb405e49312e 16-10-2022_07:05:25
PATCH /api/contacts/634312258ad69a3f9051df79/favorite 16-10-2022_07:05:31
PUT /api/contacts/634c10b2e652cb405e49312e 22-10-2022_12:27:34
POST /api/contacts/ 22-10-2022_12:27:55
PUT /api/contacts/63530edb2c774c1ba8c8f377 22-10-2022_12:28:21
GET /api/contacts/63530edb2c774c1ba8c8f377 22-10-2022_12:28:37
PATCH /api/contacts/634312258ad69a3f9051df79/favorite 22-10-2022_12:29:01
PATCH /api/contacts/63530edb2c774c1ba8c8f377/favorite 22-10-2022_12:29:11
POST /api/contacts/63530edb2c774c1ba8c8f377/favorite 22-10-2022_01:05:21
POST /api/auth/register 22-10-2022_01:06:34
POST /api/auth/register 22-10-2022_01:06:43
POST /api/auth/register 22-10-2022_01:07:25
POST /api/auth/register 22-10-2022_01:11:18
POST /api/auth/register 22-10-2022_01:34:31
POST /api/auth/login 22-10-2022_01:51:11
POST /api/auth/register 22-10-2022_01:51:45
POST /api/auth/register 22-10-2022_01:55:03
POST /api/auth/register 22-10-2022_01:56:22
POST /api/auth/register 22-10-2022_01:58:03
POST /api/auth/register 22-10-2022_01:59:13
POST /api/auth/register 22-10-2022_02:02:04
POST /api/auth/register 22-10-2022_02:03:20
POST /api/auth/register 22-10-2022_02:03:38
POST /api/auth/login 22-10-2022_02:03:48
POST /api/auth/register 22-10-2022_02:07:50
POST /api/auth/register 22-10-2022_02:08:49
POST /api/auth/signup 22-10-2022_02:12:52
POST /api/auth/signup 22-10-2022_02:13:05
POST /api/auth/login 22-10-2022_02:58:56
POST /api/auth/login 22-10-2022_03:00:06
POST /api/contacts/ 22-10-2022_05:17:41
POST /api/contacts/ 22-10-2022_05:18:52
GET /api/contacts/63530edb2c774c1ba8c8f377 22-10-2022_05:19:02
GET /api/contacts/63530edb2c774c1ba8c8f377 22-10-2022_05:19:10
GET /api/contacts/ 22-10-2022_05:19:47
POST /api/contacts/ 22-10-2022_05:35:23
POST /api/contacts/ 22-10-2022_05:36:03
POST /api/contacts/ 22-10-2022_05:36:37
POST /api/contacts/ 22-10-2022_05:37:53
POST /api/contacts/ 22-10-2022_05:39:13
POST /api/contacts/ 22-10-2022_05:39:45
POST /api/auth/login 22-10-2022_05:41:40
POST /api/contacts/ 22-10-2022_05:42:06
POST /api/contacts/ 22-10-2022_05:43:33
POST /api/contacts/ 22-10-2022_05:44:42
POST /api/contacts/ 22-10-2022_05:45:32
POST /api/contacts/ 22-10-2022_05:48:13
POST /api/contacts/ 22-10-2022_05:48:52
POST /api/contacts/ 22-10-2022_05:49:16
POST /api/contacts/ 22-10-2022_05:50:41
POST /api/contacts/ 22-10-2022_05:51:59
POST /api/contacts/ 22-10-2022_05:59:11
POST /api/contacts/ 22-10-2022_05:59:41
POST /api/contacts/ 22-10-2022_06:00:49
POST /api/contacts/ 22-10-2022_06:02:28
POST /api/contacts/ 22-10-2022_06:06:23
POST /api/auth/login 22-10-2022_06:28:25
POST /api/contacts/ 22-10-2022_06:28:58
POST /api/contacts/ 22-10-2022_06:29:35
POST /api/contacts/ 22-10-2022_06:29:56
POST /api/contacts/ 22-10-2022_06:30:48
POST /api/contacts/ 22-10-2022_06:31:51
POST /api/contacts/ 22-10-2022_06:32:14
POST /api/contacts/ 22-10-2022_06:33:17
POST /api/contacts/ 22-10-2022_06:33:54
POST /api/contacts/ 22-10-2022_06:34:21
POST /api/contacts/ 22-10-2022_06:34:54
POST /api/contacts/ 22-10-2022_06:35:20
POST /api/contacts/ 22-10-2022_06:35:54
POST /api/contacts/ 22-10-2022_06:36:30
POST /api/contacts/ 22-10-2022_06:36:55
POST /api/contacts/ 22-10-2022_06:37:23
POST /api/auth/signup 22-10-2022_06:39:02
POST /api/auth/login 22-10-2022_06:39:18
POST /api/contacts/ 22-10-2022_06:39:37
POST /api/contacts/ 22-10-2022_06:39:50
POST /api/contacts/ 22-10-2022_06:42:15
POST /api/contacts/ 22-10-2022_06:53:22
POST /api/contacts/ 22-10-2022_06:55:35
POST /api/contacts/ 22-10-2022_06:55:59
POST /api/contacts/ 22-10-2022_06:56:05
POST /api/contacts/ 22-10-2022_06:58:09
POST /api/auth/login 22-10-2022_07:07:25
POST /api/contacts/ 22-10-2022_07:07:44
POST /api/contacts/ 22-10-2022_07:08:26
GET /api/contacts/ 22-10-2022_07:10:37
GET /api/contacts/ 22-10-2022_07:11:00
POST /api/contacts/ 22-10-2022_07:12:05
POST /api/contacts/ 22-10-2022_07:12:22
POST /api/contacts/ 22-10-2022_07:13:34
GET /api/contacts/ 22-10-2022_07:13:46
GET /api/contacts/?page=2&limit=2 22-10-2022_07:18:22
GET /api/contacts/?page=2&limit=2 22-10-2022_07:22:10
GET /api/contacts/?page=1&limit=2 22-10-2022_07:22:24
GET /api/contacts/?page=3&limit=2 22-10-2022_07:22:38
GET /api/contacts/?page=1&limit=2 22-10-2022_07:22:45
PATCH /api/auth/63540e96709962f0d52e7e6c/subscription 22-10-2022_07:40:43
PATCH /api/auth/63540e96709962f0d52e7e6c/subscription 22-10-2022_07:41:19
PATCH /api/auth/63540e96709962f0d52e7e6c/subscription 22-10-2022_07:56:16
PATCH /api/users/63540e96709962f0d52e7e6c/subscription 22-10-2022_07:56:28
GET /api/users/current 22-10-2022_08:13:23
GET /api/users/current 22-10-2022_08:13:49
POST /api/auth/login 22-10-2022_08:16:29
GET /api/users/logout 22-10-2022_08:22:55
GET /api/contacts/?page=1&limit=2 22-10-2022_08:24:40
POST /api/auth/login 22-10-2022_08:24:54
GET /api/contacts/?page=1&limit=2 22-10-2022_08:25:05
GET /api/contacts/?page=1&limit=2 22-10-2022_08:25:32
GET /api/contacts/ 22-10-2022_08:26:09
POST /api/auth/login 22-10-2022_08:27:29
POST /api/auth/login 22-10-2022_08:28:17
GET /api/users/current 22-10-2022_08:29:34
GET /api/users/current 22-10-2022_08:29:50
POST /api/auth/login 22-10-2022_08:30:10
GET /api/contacts/ 22-10-2022_08:31:05
GET /api/contacts/ 22-10-2022_08:32:18
GET /api/users/logout 22-10-2022_08:32:35
GET /api/contacts/ 22-10-2022_08:32:43
GET /index.html 23-10-2022_03:45:12
GET /favicon.ico 23-10-2022_03:45:12
GET / 23-10-2022_03:45:22
GET / 23-10-2022_03:45:26
GET / 23-10-2022_03:45:37
GET / 23-10-2022_03:45:40
GET / 23-10-2022_03:45:41
GET / 23-10-2022_03:45:42
GET / 23-10-2022_03:45:52
GET / 23-10-2022_04:23:04
GET / 23-10-2022_04:23:06
GET /api/contacts/ 23-10-2022_04:23:24
POST /api/auth/login 23-10-2022_04:23:32
GET /api/contacts/ 23-10-2022_04:23:46
GET / 23-10-2022_04:24:06
GET / 23-10-2022_05:00:24
GET /public/avatars/rabbit.jpg 23-10-2022_05:00:52
GET /public/avatars/rabbit.jpg 23-10-2022_06:02:59
GET /public/avatars/rabbit.jpg 23-10-2022_06:03:03
GET /public/avatars/rabbit.jpg 23-10-2022_06:04:47
GET /public/avatars/rabbit.jpg 23-10-2022_06:04:49
GET /public/avatars/rabbit.jpg 23-10-2022_06:04:51
GET /public/avatars/ 23-10-2022_06:04:56
GET /public/avatars/ 23-10-2022_06:05:00
GET /public/avatars/ 23-10-2022_06:05:17
GET /public/avatars/rabbit.jpg 23-10-2022_06:05:31
POST /api/auth/signup 23-10-2022_06:08:56
POST /api/auth/signup 30-10-2022_12:40:52
POST /api/auth/signup 30-10-2022_12:41:16
POST /api/auth/signup 30-10-2022_01:34:56
POST /api/auth/login 30-10-2022_01:35:14
PATCH /api/users/63540e96709962f0d52e7e6c/avatars 30-10-2022_01:38:39
PATCH /api/users/635e6160b16ced0d3d6d2c4f/avatars 30-10-2022_01:40:34
POST /api/auth/signup 30-10-2022_05:18:09
GET /api/users/verify/2c8066e8-3b23-4cd2-a92a-3e5811726e21 30-10-2022_05:20:46
POST /api/auth/signup 30-10-2022_05:22:08
GET /api/auth/verify/38949dc9-7230-44f3-8a62-a6d95b9f792d 30-10-2022_05:28:40
POST /api/auth/verify 30-10-2022_05:29:41
POST /api/auth/verify 30-10-2022_05:34:05
POST /api/auth/verify 30-10-2022_05:45:54
POST /api/auth/verify 30-10-2022_05:48:29
POST /api/auth/verify 30-10-2022_05:53:28
POST /api/auth/login 30-10-2022_06:13:35